Using pre-set license
Built from '2020.3/staging' branch; Version is '2020.3.18f1 (a7d1c678663c) revision 10998214'; Using compiler version '192528614'; Build Type 'Release'
OS: 'Windows 10 Enterprise; OS build 19043.1165; Version 2009; 64bit' Language: 'en' Physical Memory: 7810 MB
BatchMode: 1, IsHumanControllingUs: 0, StartBugReporterOnCrash: 0, Is64bit: 1, IsPro: 0

COMMAND LINE ARGUMENTS:
C:\Program Files\Unity\Hub\Editor\2020.3.18f1\Editor\Unity.exe
-adb2
-batchMode
-noUpm
-name
AssetImportWorker0
-projectPath
C:/spel/Tario
-logFile
Logs/AssetImportWorker0.log
-srvPort
54882
Successfully changed project path to: C:/spel/Tario
C:/spel/Tario
Using Asset Import Pipeline V2.
Refreshing native plugins compatible for Editor in 107.12 ms, found 3 plugins.
Preloading 0 native plugins for Editor in 0.00 ms.
Initialize engine version: 2020.3.18f1 (a7d1c678663c)
[Subsystems] Discovering subsystems at path C:/Program Files/Unity/Hub/Editor/2020.3.18f1/Editor/Data/Resources/UnitySubsystems
[Subsystems] Discovering subsystems at path C:/spel/Tario/Assets
GfxDevice: creating device client; threaded=0
Direct3D:
    Version:  Direct3D 11.0 [level 11.1]
    Renderer: AMD Radeon(TM) Vega 8 Graphics (ID=0x15dd)
    Vendor:   
    VRAM:     3905 MB
    Driver:   25.20.14012.19004
Initialize mono
Mono path[0] = 'C:/Program Files/Unity/Hub/Editor/2020.3.18f1/Editor/Data/Managed'
Mono path[1] = 'C:/Program Files/Unity/Hub/Editor/2020.3.18f1/Editor/Data/MonoBleedingEdge/lib/mono/unityjit'
Mono config path = 'C:/Program Files/Unity/Hub/Editor/2020.3.18f1/Editor/Data/MonoBleedingEdge/etc'
Using monoOptions --debugger-agent=transport=dt_socket,embedding=1,server=y,suspend=n,address=127.0.0.1:56776
Begin MonoManager ReloadAssembly
Registering precompiled unity dll's ...
Register platform support module: C:/Program Files/Unity/Hub/Editor/2020.3.18f1/Editor/Data/PlaybackEngines/WindowsStandaloneSupport/UnityEditor.WindowsStandalone.Extensions.dll
Registered in 0.005925 seconds.
Native extension for WindowsStandalone target not found
Refreshing native plugins compatible for Editor in 103.71 ms, found 3 plugins.
Preloading 0 native plugins for Editor in 0.00 ms.
Mono: successfully reloaded assembly
- Completed reload, in  2.862 seconds
Domain Reload Profiling:
	ReloadAssembly (2862ms)
		BeginReloadAssembly (144ms)
			ExecutionOrderSort (0ms)
			DisableScriptedObjects (0ms)
			BackupInstance (0ms)
			ReleaseScriptingObjects (0ms)
			CreateAndSetChildDomain (2ms)
		EndReloadAssembly (1067ms)
			LoadAssemblies (137ms)
			RebuildTransferFunctionScriptingTraits (0ms)
			SetupTypeCache (388ms)
			ReleaseScriptCaches (0ms)
			RebuildScriptCaches (77ms)
			SetupLoadedEditorAssemblies (416ms)
				LogAssemblyErrors (0ms)
				InitializePlatformSupportModulesInManaged (10ms)
				SetLoadedEditorAssemblies (0ms)
				RefreshPlugins (104ms)
				BeforeProcessingInitializeOnLoad (20ms)
				ProcessInitializeOnLoadAttributes (205ms)
				ProcessInitializeOnLoadMethodAttributes (76ms)
				AfterProcessingInitializeOnLoad (0ms)
				EditorAssembliesLoaded (1ms)
			ExecutionOrderSort2 (0ms)
			AwakeInstancesAfterBackupRestoration (0ms)
Platform modules already initialized, skipping
Registering precompiled user dll's ...
Registered in 0.008401 seconds.
Begin MonoManager ReloadAssembly
Native extension for WindowsStandalone target not found
Refreshing native plugins compatible for Editor in 102.84 ms, found 3 plugins.
Preloading 0 native plugins for Editor in 0.00 ms.
Mono: successfully reloaded assembly
- Completed reload, in  2.863 seconds
Domain Reload Profiling:
	ReloadAssembly (2865ms)
		BeginReloadAssembly (372ms)
			ExecutionOrderSort (0ms)
			DisableScriptedObjects (12ms)
			BackupInstance (0ms)
			ReleaseScriptingObjects (0ms)
			CreateAndSetChildDomain (41ms)
		EndReloadAssembly (2307ms)
			LoadAssemblies (235ms)
			RebuildTransferFunctionScriptingTraits (0ms)
			SetupTypeCache (728ms)
			ReleaseScriptCaches (1ms)
			RebuildScriptCaches (134ms)
			SetupLoadedEditorAssemblies (871ms)
				LogAssemblyErrors (0ms)
				InitializePlatformSupportModulesInManaged (11ms)
				SetLoadedEditorAssemblies (0ms)
				RefreshPlugins (103ms)
				BeforeProcessingInitializeOnLoad (164ms)
				ProcessInitializeOnLoadAttributes (525ms)
				ProcessInitializeOnLoadMethodAttributes (47ms)
				AfterProcessingInitializeOnLoad (20ms)
				EditorAssembliesLoaded (0ms)
			ExecutionOrderSort2 (0ms)
			AwakeInstancesAfterBackupRestoration (19ms)
Platform modules already initialized, skipping
========================================================================
Worker process is ready to serve import requests
Launched and connected shader compiler UnityShaderCompiler.exe after 0.14 seconds
Refreshing native plugins compatible for Editor in 0.79 ms, found 3 plugins.
Preloading 0 native plugins for Editor in 0.00 ms.
Unloading 2090 Unused Serialized files (Serialized files now loaded: 0)
System memory in use before: 93.0 MB.
System memory in use after: 93.1 MB.

Unloading 26 unused Assets to reduce memory usage. Loaded Objects now: 2529.
Total: 7.019200 ms (FindLiveObjects: 0.351500 ms CreateObjectMapping: 0.105600 ms MarkObjects: 6.400700 ms  DeleteObjects: 0.158700 ms)

AssetImportParameters requested are different than current active one (requested -> active):
  custom:framework-win-MediaFoundation: 216162199b28c13a410421893ffa2e32 -> 
  custom:video-decoder-ogg-theora: a1e56fd34408186e4bbccfd4996cb3dc -> 
  custom:container-muxer-webm: aa71ff27fc2769a1b78a27578f13a17b -> 
  custom:container-demuxer-webm: 4f35f7cbe854078d1ac9338744f61a02 -> 
  custom:container-demuxer-ogg: 62fdf1f143b41e24485cea50d1cbac27 -> 
  custom:video-encoder-webm-vp8: eb34c28f22e8b96e1ab97ce403110664 -> 
  custom:video-decoder-webm-vp8: 9c59270c3fd7afecdb556c50c9e8de78 -> 
  custom:audio-decoder-ogg-vorbis: bf7c407c2cedff20999df2af8eb42d56 -> 
  custom:audio-encoder-webm-vorbis: bf7c407c2cedff20999df2af8eb42d56 -> 
========================================================================
Received Import Request.
  path: Assets/stone.png
  artifactKey: Guid(9ab3df8affc4b3a46b6b1bbf9a114c11) Importer(815301076,1909f56bfc062723c751e8b465ee728b)
Start importing Assets/stone.png using Guid(9ab3df8affc4b3a46b6b1bbf9a114c11) Importer(815301076,1909f56bfc062723c751e8b465ee728b)  -> (artifact id: 'fce0ee5137e2a81ac80029936f578c54') in 0.217262 seconds 
  Import took 0.224393 seconds .

========================================================================
Received Import Request.
  Time since last request: 25.536026 seconds.
  path: Assets/sprites
  artifactKey: Guid(10d8c2a34e8285441a62f2cf5ce24d26) Importer(815301076,1909f56bfc062723c751e8b465ee728b)
Start importing Assets/sprites using Guid(10d8c2a34e8285441a62f2cf5ce24d26) Importer(815301076,1909f56bfc062723c751e8b465ee728b)  -> (artifact id: '04bd490cb10971a7d67be149db99106e') in 0.022307 seconds 
  Import took 0.029607 seconds .

========================================================================
Received Import Request.
  Time since last request: 49.889783 seconds.
  path: Assets/sprites/stone.png
  artifactKey: Guid(abd55bd06c2887e42a4a49505148d726) Importer(815301076,1909f56bfc062723c751e8b465ee728b)
Start importing Assets/sprites/stone.png using Guid(abd55bd06c2887e42a4a49505148d726) Importer(815301076,1909f56bfc062723c751e8b465ee728b)  -> (artifact id: '0e1ac241f8c4a6304be0b7a35c980879') in 0.028304 seconds 
  Import took 0.036179 seconds .

========================================================================
Received Import Request.
  Time since last request: 1330.621934 seconds.
  path: Assets/sprites/stone.png
  artifactKey: Guid(abd55bd06c2887e42a4a49505148d726) Importer(815301076,1909f56bfc062723c751e8b465ee728b)
Start importing Assets/sprites/stone.png using Guid(abd55bd06c2887e42a4a49505148d726) Importer(815301076,1909f56bfc062723c751e8b465ee728b)  -> (artifact id: 'fbb33f44c165d0d48296b480c36f289b') in 0.050346 seconds 
  Import took 0.058410 seconds .

========================================================================
Received Import Request.
  Time since last request: 4.445262 seconds.
  path: Assets/background1.png
  artifactKey: Guid(49b95aad10969a942a9271f8f52c8c92) Importer(815301076,1909f56bfc062723c751e8b465ee728b)
Start importing Assets/background1.png using Guid(49b95aad10969a942a9271f8f52c8c92) Importer(815301076,1909f56bfc062723c751e8b465ee728b)  -> (artifact id: '3adfc4134b5217e792f1e1b22889f545') in 0.073876 seconds 
  Import took 0.081735 seconds .

========================================================================
Received Import Request.
  Time since last request: 0.000410 seconds.
  path: Assets/background2.png
  artifactKey: Guid(22564f1ac4590bf49b546c4dbb1556c3) Importer(815301076,1909f56bfc062723c751e8b465ee728b)
Start importing Assets/background2.png using Guid(22564f1ac4590bf49b546c4dbb1556c3) Importer(815301076,1909f56bfc062723c751e8b465ee728b)  -> (artifact id: 'dfe4d565a8ea15a3d669485da42ad9ae') in 0.052833 seconds 
  Import took 0.060213 seconds .

========================================================================
Received Import Request.
  Time since last request: 9.512456 seconds.
  path: Assets/backgrounds
  artifactKey: Guid(5f42c479f55bb824b87f24a88b7c98ca) Importer(815301076,1909f56bfc062723c751e8b465ee728b)
Start importing Assets/backgrounds using Guid(5f42c479f55bb824b87f24a88b7c98ca) Importer(815301076,1909f56bfc062723c751e8b465ee728b)  -> (artifact id: '3a9531c63e680fed356c1197ad832748') in 0.017573 seconds 
  Import took 0.024900 seconds .

========================================================================
Received Import Request.
  Time since last request: 0.005332 seconds.
  path: Assets/backgrounds
  artifactKey: Guid(5f42c479f55bb824b87f24a88b7c98ca) Importer(815301076,1909f56bfc062723c751e8b465ee728b)
Start importing Assets/backgrounds using Guid(5f42c479f55bb824b87f24a88b7c98ca) Importer(815301076,1909f56bfc062723c751e8b465ee728b)  -> (artifact id: '3a9531c63e680fed356c1197ad832748') in 0.006750 seconds 
  Import took 0.013739 seconds .

========================================================================
Received Import Request.
  Time since last request: 135.358134 seconds.
  path: ProjectSettings/TagManager.asset
  artifactKey: Guid(00000000000000003000000000000000) Importer(815301076,1909f56bfc062723c751e8b465ee728b)
Start importing ProjectSettings/TagManager.asset using Guid(00000000000000003000000000000000) Importer(815301076,1909f56bfc062723c751e8b465ee728b)  -> (artifact id: '95df672b4aaba54310d34c83eef51bb8') in 0.032757 seconds 
  Import took 0.039720 seconds .

========================================================================
Received Import Request.
  Time since last request: 0.004124 seconds.
  path: ProjectSettings/TagManager.asset
  artifactKey: Guid(00000000000000003000000000000000) Importer(815301076,1909f56bfc062723c751e8b465ee728b)
Start importing ProjectSettings/TagManager.asset using Guid(00000000000000003000000000000000) Importer(815301076,1909f56bfc062723c751e8b465ee728b)  -> (artifact id: '95df672b4aaba54310d34c83eef51bb8') in 0.008781 seconds 
  Import took 0.015324 seconds .

========================================================================
Received Import Request.
  Time since last request: 110.191301 seconds.
  path: Assets/sprites/stone.png
  artifactKey: Guid(abd55bd06c2887e42a4a49505148d726) Importer(815301076,1909f56bfc062723c751e8b465ee728b)
Start importing Assets/sprites/stone.png using Guid(abd55bd06c2887e42a4a49505148d726) Importer(815301076,1909f56bfc062723c751e8b465ee728b)  -> (artifact id: '6df33fac75dce56ea605c85216a6489e') in 0.022785 seconds 
  Import took 0.030082 seconds .

========================================================================
Received Import Request.
  Time since last request: 47.736576 seconds.
  path: Assets/sprites/stone.png
  artifactKey: Guid(abd55bd06c2887e42a4a49505148d726) Importer(815301076,1909f56bfc062723c751e8b465ee728b)
Start importing Assets/sprites/stone.png using Guid(abd55bd06c2887e42a4a49505148d726) Importer(815301076,1909f56bfc062723c751e8b465ee728b)  -> (artifact id: '0dddd89e871ee6636355a64758b99ceb') in 0.033887 seconds 
  Import took 0.041719 seconds .

========================================================================
Received Import Request.
  Time since last request: 0.005295 seconds.
  path: Assets/sprites/stone.png
  artifactKey: Guid(abd55bd06c2887e42a4a49505148d726) Importer(815301076,1909f56bfc062723c751e8b465ee728b)
Start importing Assets/sprites/stone.png using Guid(abd55bd06c2887e42a4a49505148d726) Importer(815301076,1909f56bfc062723c751e8b465ee728b)  -> (artifact id: '0dddd89e871ee6636355a64758b99ceb') in 0.026959 seconds 
  Import took 0.033993 seconds .

========================================================================
Received Import Request.
  Time since last request: 63.107372 seconds.
  path: Assets/sprites/stone.png
  artifactKey: Guid(abd55bd06c2887e42a4a49505148d726) Importer(815301076,1909f56bfc062723c751e8b465ee728b)
Start importing Assets/sprites/stone.png using Guid(abd55bd06c2887e42a4a49505148d726) Importer(815301076,1909f56bfc062723c751e8b465ee728b)  -> (artifact id: '27f2d3b7475cb3708e1b92766977f5bb') in 0.030051 seconds 
  Import took 0.036991 seconds .

========================================================================
Received Import Request.
  Time since last request: 479.615906 seconds.
  path: Assets/sprites/groundblock.png
  artifactKey: Guid(fc0b5fb3b5a10064a88f651962f7ad18) Importer(815301076,1909f56bfc062723c751e8b465ee728b)
Start importing Assets/sprites/groundblock.png using Guid(fc0b5fb3b5a10064a88f651962f7ad18) Importer(815301076,1909f56bfc062723c751e8b465ee728b)  -> (artifact id: 'a38a0b31ad346898dbbfec2f50f068b7') in 0.038865 seconds 
  Import took 0.046571 seconds .

========================================================================
Received Import Request.
  Time since last request: 178.460979 seconds.
  path: Assets/sprites/groundblock.png
  artifactKey: Guid(fc0b5fb3b5a10064a88f651962f7ad18) Importer(815301076,1909f56bfc062723c751e8b465ee728b)
Start importing Assets/sprites/groundblock.png using Guid(fc0b5fb3b5a10064a88f651962f7ad18) Importer(815301076,1909f56bfc062723c751e8b465ee728b)  -> (artifact id: '1968486d940ab773fa4430489e0b35f8') in 0.031760 seconds 
  Import took 0.039452 seconds .

========================================================================
Received Import Request.
  Time since last request: 478.865478 seconds.
  path: Assets/sprites/groundblock.png
  artifactKey: Guid(fc0b5fb3b5a10064a88f651962f7ad18) Importer(815301076,1909f56bfc062723c751e8b465ee728b)
Start importing Assets/sprites/groundblock.png using Guid(fc0b5fb3b5a10064a88f651962f7ad18) Importer(815301076,1909f56bfc062723c751e8b465ee728b)  -> (artifact id: 'd63a226e256a4f25dd46fc270cdc866d') in 0.028890 seconds 
  Import took 0.036589 seconds .

========================================================================
Received Import Request.
  Time since last request: 136.721192 seconds.
  path: Assets/sprites/groundblock.png
  artifactKey: Guid(fc0b5fb3b5a10064a88f651962f7ad18) Importer(815301076,1909f56bfc062723c751e8b465ee728b)
Start importing Assets/sprites/groundblock.png using Guid(fc0b5fb3b5a10064a88f651962f7ad18) Importer(815301076,1909f56bfc062723c751e8b465ee728b)  -> (artifact id: '5da73f3a523474dd31d0fb3b484c8232') in 0.030282 seconds 
  Import took 0.042013 seconds .

========================================================================
Received Import Request.
  Time since last request: 137.223709 seconds.
  path: Assets/sprites/stone.png
  artifactKey: Guid(fc0b5fb3b5a10064a88f651962f7ad18) Importer(815301076,1909f56bfc062723c751e8b465ee728b)
Start importing Assets/sprites/stone.png using Guid(fc0b5fb3b5a10064a88f651962f7ad18) Importer(815301076,1909f56bfc062723c751e8b465ee728b)  -> (artifact id: '538afc8a6683fd24d49f751af9ad3f7a') in 0.023164 seconds 
  Import took 0.033763 seconds .

========================================================================
Received Import Request.
  Time since last request: 41.010424 seconds.
  path: Assets/sprites/stone.png
  artifactKey: Guid(fc0b5fb3b5a10064a88f651962f7ad18) Importer(815301076,1909f56bfc062723c751e8b465ee728b)
Start importing Assets/sprites/stone.png using Guid(fc0b5fb3b5a10064a88f651962f7ad18) Importer(815301076,1909f56bfc062723c751e8b465ee728b)  -> (artifact id: '2b34d1261a0dd4b36c2c725a6e5f684d') in 0.027186 seconds 
  Import took 0.037406 seconds .

========================================================================
Received Import Request.
  Time since last request: 0.004255 seconds.
  path: Assets/sprites/stone.png
  artifactKey: Guid(fc0b5fb3b5a10064a88f651962f7ad18) Importer(815301076,1909f56bfc062723c751e8b465ee728b)
Start importing Assets/sprites/stone.png using Guid(fc0b5fb3b5a10064a88f651962f7ad18) Importer(815301076,1909f56bfc062723c751e8b465ee728b)  -> (artifact id: '2b34d1261a0dd4b36c2c725a6e5f684d') in 0.026308 seconds 
  Import took 0.033942 seconds .

========================================================================
Received Import Request.
  Time since last request: 561.687381 seconds.
  path: Assets/sprites/stone (1)2.png
  artifactKey: Guid(b571be64f944d1d4ab0e7efef347bbf4) Importer(815301076,1909f56bfc062723c751e8b465ee728b)
Start importing Assets/sprites/stone (1)2.png using Guid(b571be64f944d1d4ab0e7efef347bbf4) Importer(815301076,1909f56bfc062723c751e8b465ee728b)  -> (artifact id: '90b0d56c1ee19c358aac44d01967391f') in 0.033039 seconds 
  Import took 0.041355 seconds .

========================================================================
Received Prepare
Registering precompiled user dll's ...
Registered in 0.008479 seconds.
Begin MonoManager ReloadAssembly
Native extension for WindowsStandalone target not found
Refreshing native plugins compatible for Editor in 0.86 ms, found 3 plugins.
Preloading 0 native plugins for Editor in 0.00 ms.
Mono: successfully reloaded assembly
- Completed reload, in  2.593 seconds
Domain Reload Profiling:
	ReloadAssembly (2594ms)
		BeginReloadAssembly (308ms)
			ExecutionOrderSort (0ms)
			DisableScriptedObjects (20ms)
			BackupInstance (0ms)
			ReleaseScriptingObjects (0ms)
			CreateAndSetChildDomain (81ms)
		EndReloadAssembly (2109ms)
			LoadAssemblies (251ms)
			RebuildTransferFunctionScriptingTraits (0ms)
			SetupTypeCache (721ms)
			ReleaseScriptCaches (2ms)
			RebuildScriptCaches (108ms)
			SetupLoadedEditorAssemblies (777ms)
				LogAssemblyErrors (0ms)
				InitializePlatformSupportModulesInManaged (12ms)
				SetLoadedEditorAssemblies (1ms)
				RefreshPlugins (1ms)
				BeforeProcessingInitializeOnLoad (149ms)
				ProcessInitializeOnLoadAttributes (577ms)
				ProcessInitializeOnLoadMethodAttributes (16ms)
				AfterProcessingInitializeOnLoad (20ms)
				EditorAssembliesLoaded (0ms)
			ExecutionOrderSort2 (0ms)
			AwakeInstancesAfterBackupRestoration (28ms)
Platform modules already initialized, skipping
Refreshing native plugins compatible for Editor in 0.84 ms, found 3 plugins.
Preloading 0 native plugins for Editor in 0.00 ms.
Unloading 2080 Unused Serialized files (Serialized files now loaded: 0)
System memory in use before: 95.4 MB.
System memory in use after: 95.6 MB.

Unloading 16 unused Assets to reduce memory usage. Loaded Objects now: 2542.
Total: 6.952200 ms (FindLiveObjects: 0.331300 ms CreateObjectMapping: 0.132300 ms MarkObjects: 6.441400 ms  DeleteObjects: 0.044000 ms)

AssetImportParameters requested are different than current active one (requested -> active):
  custom:framework-win-MediaFoundation: 216162199b28c13a410421893ffa2e32 -> 
  custom:video-decoder-ogg-theora: a1e56fd34408186e4bbccfd4996cb3dc -> 
  custom:container-muxer-webm: aa71ff27fc2769a1b78a27578f13a17b -> 
  custom:container-demuxer-webm: 4f35f7cbe854078d1ac9338744f61a02 -> 
  custom:container-demuxer-ogg: 62fdf1f143b41e24485cea50d1cbac27 -> 
  custom:video-encoder-webm-vp8: eb34c28f22e8b96e1ab97ce403110664 -> 
  custom:video-decoder-webm-vp8: 9c59270c3fd7afecdb556c50c9e8de78 -> 
  custom:audio-decoder-ogg-vorbis: bf7c407c2cedff20999df2af8eb42d56 -> 
  custom:audio-encoder-webm-vorbis: bf7c407c2cedff20999df2af8eb42d56 -> 
========================================================================
Received Import Request.
  Time since last request: 777.389829 seconds.
  path: Assets/Scenes/SampleScene.unity
  artifactKey: Guid(2cda990e2423bbf4892e6590ba056729) Importer(815301076,1909f56bfc062723c751e8b465ee728b)
Start importing Assets/Scenes/SampleScene.unity using Guid(2cda990e2423bbf4892e6590ba056729) Importer(815301076,1909f56bfc062723c751e8b465ee728b)  -> (artifact id: 'ea04614e3c10d6a2bfa483ed54b126e2') in 0.037783 seconds 
  Import took 0.054963 seconds .

========================================================================
Received Import Request.
  Time since last request: 547.905531 seconds.
  path: Assets
  artifactKey: Guid(00000000000000001000000000000000) Importer(815301076,1909f56bfc062723c751e8b465ee728b)
Start importing Assets using Guid(00000000000000001000000000000000) Importer(815301076,1909f56bfc062723c751e8b465ee728b)  -> (artifact id: '42d402b061de3733987d63b9cc3b64de') in 0.016786 seconds 
  Import took 0.024113 seconds .

========================================================================
Received Prepare
Registering precompiled user dll's ...
Registered in 0.008045 seconds.
Begin MonoManager ReloadAssembly
Native extension for WindowsStandalone target not found
Refreshing native plugins compatible for Editor in 0.97 ms, found 3 plugins.
Preloading 0 native plugins for Editor in 0.00 ms.
Mono: successfully reloaded assembly
- Completed reload, in  2.556 seconds
Domain Reload Profiling:
	ReloadAssembly (2557ms)
		BeginReloadAssembly (257ms)
			ExecutionOrderSort (0ms)
			DisableScriptedObjects (16ms)
			BackupInstance (0ms)
			ReleaseScriptingObjects (0ms)
			CreateAndSetChildDomain (74ms)
		EndReloadAssembly (2115ms)
			LoadAssemblies (223ms)
			RebuildTransferFunctionScriptingTraits (0ms)
			SetupTypeCache (741ms)
			ReleaseScriptCaches (2ms)
			RebuildScriptCaches (109ms)
			SetupLoadedEditorAssemblies (753ms)
				LogAssemblyErrors (0ms)
				InitializePlatformSupportModulesInManaged (13ms)
				SetLoadedEditorAssemblies (1ms)
				RefreshPlugins (1ms)
				BeforeProcessingInitializeOnLoad (150ms)
				ProcessInitializeOnLoadAttributes (551ms)
				ProcessInitializeOnLoadMethodAttributes (17ms)
				AfterProcessingInitializeOnLoad (19ms)
				EditorAssembliesLoaded (0ms)
			ExecutionOrderSort2 (0ms)
			AwakeInstancesAfterBackupRestoration (29ms)
Platform modules already initialized, skipping
Refreshing native plugins compatible for Editor in 0.88 ms, found 3 plugins.
Preloading 0 native plugins for Editor in 0.00 ms.
Unloading 2080 Unused Serialized files (Serialized files now loaded: 0)
System memory in use before: 95.5 MB.
System memory in use after: 95.6 MB.

Unloading 14 unused Assets to reduce memory usage. Loaded Objects now: 2545.
Total: 7.245400 ms (FindLiveObjects: 0.354000 ms CreateObjectMapping: 0.119800 ms MarkObjects: 6.728800 ms  DeleteObjects: 0.039900 ms)

AssetImportParameters requested are different than current active one (requested -> active):
  custom:framework-win-MediaFoundation: 216162199b28c13a410421893ffa2e32 -> 
  custom:video-decoder-ogg-theora: a1e56fd34408186e4bbccfd4996cb3dc -> 
  custom:container-muxer-webm: aa71ff27fc2769a1b78a27578f13a17b -> 
  custom:container-demuxer-webm: 4f35f7cbe854078d1ac9338744f61a02 -> 
  custom:container-demuxer-ogg: 62fdf1f143b41e24485cea50d1cbac27 -> 
  custom:video-encoder-webm-vp8: eb34c28f22e8b96e1ab97ce403110664 -> 
  custom:video-decoder-webm-vp8: 9c59270c3fd7afecdb556c50c9e8de78 -> 
  custom:audio-decoder-ogg-vorbis: bf7c407c2cedff20999df2af8eb42d56 -> 
  custom:audio-encoder-webm-vorbis: bf7c407c2cedff20999df2af8eb42d56 -> 
========================================================================
Received Import Request.
  Time since last request: 1683.161196 seconds.
  path: Assets/Scenes
  artifactKey: Guid(66f298c1ebe06e3488030472af1fa434) Importer(815301076,1909f56bfc062723c751e8b465ee728b)
Start importing Assets/Scenes using Guid(66f298c1ebe06e3488030472af1fa434) Importer(815301076,1909f56bfc062723c751e8b465ee728b)  -> (artifact id: '8cb5d206d0878a2f53b917a86447e8c0') in 0.022653 seconds 
  Import took 0.038425 seconds .

========================================================================
Received Import Request.
  Time since last request: 3.261366 seconds.
  path: Assets/sprites/igloo.png
  artifactKey: Guid(98fa6eaa9e8e3a84092a06265eb9e324) Importer(815301076,1909f56bfc062723c751e8b465ee728b)
Start importing Assets/sprites/igloo.png using Guid(98fa6eaa9e8e3a84092a06265eb9e324) Importer(815301076,1909f56bfc062723c751e8b465ee728b)  -> (artifact id: '5c1441f1e8ab5aad1f0b4d6cdaa064f0') in 0.151077 seconds 
  Import took 0.159899 seconds .

========================================================================
Received Import Request.
  Time since last request: 138.179918 seconds.
  path: Assets/sprites/igloo.png
  artifactKey: Guid(98fa6eaa9e8e3a84092a06265eb9e324) Importer(815301076,1909f56bfc062723c751e8b465ee728b)
Start importing Assets/sprites/igloo.png using Guid(98fa6eaa9e8e3a84092a06265eb9e324) Importer(815301076,1909f56bfc062723c751e8b465ee728b)  -> (artifact id: '4be9b78f5135a43eae0cb98c9bcb4244') in 0.046284 seconds 
  Import took 0.056888 seconds .

========================================================================
Received Import Request.
  Time since last request: 168.172183 seconds.
  path: Assets/sprites/snowman.png
  artifactKey: Guid(7877d3f9180b6244d9d5a648204a83c9) Importer(815301076,1909f56bfc062723c751e8b465ee728b)
Start importing Assets/sprites/snowman.png using Guid(7877d3f9180b6244d9d5a648204a83c9) Importer(815301076,1909f56bfc062723c751e8b465ee728b)  -> (artifact id: 'efe4319d40b05dcab30a3b608adb0197') in 0.049589 seconds 
  Import took 0.058500 seconds .

========================================================================
Received Import Request.
  Time since last request: 0.003993 seconds.
  path: Assets/sprites/snowman.png
  artifactKey: Guid(7877d3f9180b6244d9d5a648204a83c9) Importer(815301076,1909f56bfc062723c751e8b465ee728b)
Start importing Assets/sprites/snowman.png using Guid(7877d3f9180b6244d9d5a648204a83c9) Importer(815301076,1909f56bfc062723c751e8b465ee728b)  -> (artifact id: 'efe4319d40b05dcab30a3b608adb0197') in 0.031250 seconds 
  Import took 0.040879 seconds .

========================================================================
Received Import Request.
  Time since last request: 10.500579 seconds.
  path: Assets/sprites/snowman.png
  artifactKey: Guid(7877d3f9180b6244d9d5a648204a83c9) Importer(815301076,1909f56bfc062723c751e8b465ee728b)
Start importing Assets/sprites/snowman.png using Guid(7877d3f9180b6244d9d5a648204a83c9) Importer(815301076,1909f56bfc062723c751e8b465ee728b)  -> (artifact id: 'd2ac04c000a7e973c15572f8715b7352') in 0.029024 seconds 
  Import took 0.037058 seconds .

========================================================================
Received Import Request.
  Time since last request: 7.945362 seconds.
  path: Assets/sprites/igloo.png
  artifactKey: Guid(98fa6eaa9e8e3a84092a06265eb9e324) Importer(815301076,1909f56bfc062723c751e8b465ee728b)
Start importing Assets/sprites/igloo.png using Guid(98fa6eaa9e8e3a84092a06265eb9e324) Importer(815301076,1909f56bfc062723c751e8b465ee728b)  -> (artifact id: '7fe3db8d81b31dc1170923b9a1f54676') in 0.035567 seconds 
  Import took 0.043941 seconds .

========================================================================
Received Import Request.
  Time since last request: 11.032671 seconds.
  path: Assets/sprites/igloo.png
  artifactKey: Guid(98fa6eaa9e8e3a84092a06265eb9e324) Importer(815301076,1909f56bfc062723c751e8b465ee728b)
Start importing Assets/sprites/igloo.png using Guid(98fa6eaa9e8e3a84092a06265eb9e324) Importer(815301076,1909f56bfc062723c751e8b465ee728b)  -> (artifact id: '070a440497638954752664ae7fc0cbe8') in 0.034429 seconds 
  Import took 0.041607 seconds .

========================================================================
Received Import Request.
  Time since last request: 5582.886491 seconds.
  path: Assets/sprites/pine tree.png
  artifactKey: Guid(3edfa43b9fd167e47bec5b1df6cd7601) Importer(815301076,1909f56bfc062723c751e8b465ee728b)
Start importing Assets/sprites/pine tree.png using Guid(3edfa43b9fd167e47bec5b1df6cd7601) Importer(815301076,1909f56bfc062723c751e8b465ee728b)  -> (artifact id: 'c8f567fa22d49543e2f795bffdb2b7e7') in 0.047386 seconds 
  Import took 0.056009 seconds .

========================================================================
Received Import Request.
  Time since last request: 0.008126 seconds.
  path: Assets/sprites/pine tree.png
  artifactKey: Guid(3edfa43b9fd167e47bec5b1df6cd7601) Importer(815301076,1909f56bfc062723c751e8b465ee728b)
Start importing Assets/sprites/pine tree.png using Guid(3edfa43b9fd167e47bec5b1df6cd7601) Importer(815301076,1909f56bfc062723c751e8b465ee728b)  -> (artifact id: 'c8f567fa22d49543e2f795bffdb2b7e7') in 0.026751 seconds 
  Import took 0.034480 seconds .

========================================================================
Received Import Request.
  Time since last request: 242.802517 seconds.
  path: Assets/sprites/pine tree.png
  artifactKey: Guid(3edfa43b9fd167e47bec5b1df6cd7601) Importer(815301076,1909f56bfc062723c751e8b465ee728b)
Start importing Assets/sprites/pine tree.png using Guid(3edfa43b9fd167e47bec5b1df6cd7601) Importer(815301076,1909f56bfc062723c751e8b465ee728b)  -> (artifact id: '7d6d397901018f406050b8df8b040546') in 0.026519 seconds 
  Import took 0.036824 seconds .

========================================================================
Received Import Request.
  Time since last request: 171.860045 seconds.
  path: Assets/sprites/pipe.png
  artifactKey: Guid(2b19f7659edd2894e9ccccb30740b013) Importer(815301076,1909f56bfc062723c751e8b465ee728b)
Start importing Assets/sprites/pipe.png using Guid(2b19f7659edd2894e9ccccb30740b013) Importer(815301076,1909f56bfc062723c751e8b465ee728b)  -> (artifact id: '1270f4d115c93f901a26d72551b541ca') in 0.037719 seconds 
  Import took 0.045749 seconds .

========================================================================
Received Import Request.
  Time since last request: 112.684572 seconds.
  path: Assets/sprites/pipe.png
  artifactKey: Guid(2b19f7659edd2894e9ccccb30740b013) Importer(815301076,1909f56bfc062723c751e8b465ee728b)
Start importing Assets/sprites/pipe.png using Guid(2b19f7659edd2894e9ccccb30740b013) Importer(815301076,1909f56bfc062723c751e8b465ee728b)  -> (artifact id: '038a05a83d032bd5775a3975c491a947') in 0.033165 seconds 
  Import took 0.042774 seconds .

========================================================================
Received Import Request.
  Time since last request: 58.992934 seconds.
  path: Assets/sprites/pipe.png
  artifactKey: Guid(2b19f7659edd2894e9ccccb30740b013) Importer(815301076,1909f56bfc062723c751e8b465ee728b)
Start importing Assets/sprites/pipe.png using Guid(2b19f7659edd2894e9ccccb30740b013) Importer(815301076,1909f56bfc062723c751e8b465ee728b)  -> (artifact id: '6ef71cbb763e5507af9df838f7c8cca3') in 0.023856 seconds 
  Import took 0.031337 seconds .

========================================================================
Received Import Request.
  Time since last request: 345.562815 seconds.
  path: Assets/sprites/pipe.png
  artifactKey: Guid(2b19f7659edd2894e9ccccb30740b013) Importer(815301076,1909f56bfc062723c751e8b465ee728b)
Start importing Assets/sprites/pipe.png using Guid(2b19f7659edd2894e9ccccb30740b013) Importer(815301076,1909f56bfc062723c751e8b465ee728b)  -> (artifact id: '6eaa06ff76fe534a25d926195a5c5403') in 0.026456 seconds 
  Import took 0.033628 seconds .

========================================================================
Received Import Request.
  Time since last request: 398.781147 seconds.
  path: Assets/sprites/pipe.png
  artifactKey: Guid(2b19f7659edd2894e9ccccb30740b013) Importer(815301076,1909f56bfc062723c751e8b465ee728b)
Start importing Assets/sprites/pipe.png using Guid(2b19f7659edd2894e9ccccb30740b013) Importer(815301076,1909f56bfc062723c751e8b465ee728b)  -> (artifact id: '6437cc688a027aae6de063ddb6e590d8') in 0.040656 seconds 
  Import took 0.048440 seconds .

========================================================================
Received Import Request.
  Time since last request: 0.005457 seconds.
  path: Assets/sprites/pipe.png
  artifactKey: Guid(2b19f7659edd2894e9ccccb30740b013) Importer(815301076,1909f56bfc062723c751e8b465ee728b)
Start importing Assets/sprites/pipe.png using Guid(2b19f7659edd2894e9ccccb30740b013) Importer(815301076,1909f56bfc062723c751e8b465ee728b)  -> (artifact id: '6437cc688a027aae6de063ddb6e590d8') in 0.021503 seconds 
  Import took 0.029892 seconds .

========================================================================
Received Prepare
Trying to reload asset but can't find object on disk
Trying to reload asset but can't find object on disk
Trying to reload asset but can't find object on disk
Trying to reload asset but can't find object on disk
Trying to reload asset but can't find object on disk
Trying to reload asset but can't find object on disk
Trying to reload asset but can't find object on disk
Trying to reload asset but can't find object on disk
Trying to reload asset but can't find object on disk
Trying to reload asset but can't find object on disk
Trying to reload asset but can't find object on disk
Trying to reload asset but can't find object on disk
Trying to reload asset but can't find object on disk
Trying to reload asset but can't find object on disk
Trying to reload asset but can't find object on disk
Trying to reload asset but can't find object on disk
Trying to reload asset but can't find object on disk
Registering precompiled user dll's ...
Registered in 0.014798 seconds.
Begin MonoManager ReloadAssembly
Native extension for WindowsStandalone target not found
Refreshing native plugins compatible for Editor in 75.89 ms, found 2 plugins.
Preloading 0 native plugins for Editor in 0.00 ms.
Mono: successfully reloaded assembly
- Completed reload, in  2.650 seconds
Domain Reload Profiling:
	ReloadAssembly (2651ms)
		BeginReloadAssembly (279ms)
			ExecutionOrderSort (0ms)
			DisableScriptedObjects (19ms)
			BackupInstance (0ms)
			ReleaseScriptingObjects (0ms)
			CreateAndSetChildDomain (87ms)
		EndReloadAssembly (2169ms)
			LoadAssemblies (220ms)
			RebuildTransferFunctionScriptingTraits (0ms)
			SetupTypeCache (677ms)
			ReleaseScriptCaches (2ms)
			RebuildScriptCaches (109ms)
			SetupLoadedEditorAssemblies (803ms)
				LogAssemblyErrors (0ms)
				InitializePlatformSupportModulesInManaged (11ms)
				SetLoadedEditorAssemblies (0ms)
				RefreshPlugins (76ms)
				BeforeProcessingInitializeOnLoad (173ms)
				ProcessInitializeOnLoadAttributes (510ms)
				ProcessInitializeOnLoadMethodAttributes (11ms)
				AfterProcessingInitializeOnLoad (20ms)
				EditorAssembliesLoaded (1ms)
			ExecutionOrderSort2 (0ms)
			AwakeInstancesAfterBackupRestoration (18ms)
Platform modules already initialized, skipping
Refreshing native plugins compatible for Editor in 0.63 ms, found 2 plugins.
Preloading 0 native plugins for Editor in 0.00 ms.
Unloading 1390 Unused Serialized files (Serialized files now loaded: 0)
System memory in use before: 81.6 MB.
System memory in use after: 81.7 MB.

Unloading 240 unused Assets to reduce memory usage. Loaded Objects now: 2322.
Total: 7.449900 ms (FindLiveObjects: 0.331100 ms CreateObjectMapping: 0.110800 ms MarkObjects: 6.787900 ms  DeleteObjects: 0.217500 ms)

AssetImportParameters requested are different than current active one (requested -> active):
  custom:framework-win-MediaFoundation: 216162199b28c13a410421893ffa2e32 -> 
  custom:video-decoder-ogg-theora: a1e56fd34408186e4bbccfd4996cb3dc -> 
  custom:container-muxer-webm: aa71ff27fc2769a1b78a27578f13a17b -> 
  custom:container-demuxer-webm: 4f35f7cbe854078d1ac9338744f61a02 -> 
  custom:container-demuxer-ogg: 62fdf1f143b41e24485cea50d1cbac27 -> 
  custom:video-encoder-webm-vp8: eb34c28f22e8b96e1ab97ce403110664 -> 
  custom:video-decoder-webm-vp8: 9c59270c3fd7afecdb556c50c9e8de78 -> 
  custom:audio-decoder-ogg-vorbis: bf7c407c2cedff20999df2af8eb42d56 -> 
  custom:audio-encoder-webm-vorbis: bf7c407c2cedff20999df2af8eb42d56 -> 
AssetImportWorkerClient::OnTransportError - code=2 error=End of file
